<?xml version="1.0" encoding="UTF-8"?>
<!-- Generated by org.testng.reporters.JUnitXMLReporter -->
<testsuite ignored="0" hostname="Active25-PC" failures="0" tests="4" name="Default test" time="36.894" errors="0" timestamp="2022-05-18T14:38:06 IST">
  <testcase classname="call_service" name="new_call" time="4.542"/>
  <testcase classname="call_service" name="call_answered" time="0.937"/>
  <testcase classname="call_service" name="call_completed" time="0.905"/>
  <testcase classname="call_service" name="taycan_connect" time="30.399"/>
</testsuite> <!-- Default test -->
