<?xml version="1.0" encoding="UTF-8"?>
<testng-results ignored="0" total="4" passed="4" failed="0" skipped="0">
  <reporter-output>
  </reporter-output>
  <suite started-at="2022-05-18T14:37:29 IST" name="Default suite" finished-at="2022-05-18T14:38:06 IST" duration-ms="36894">
    <groups>
    </groups>
    <test started-at="2022-05-18T14:37:29 IST" name="Default test" finished-at="2022-05-18T14:38:06 IST" duration-ms="36894">
      <class name="call_service">
        <test-method signature="new_call()[pri:0, instance:call_service@64cd705f]" started-at="2022-05-18T14:37:29 IST" name="new_call" finished-at="2022-05-18T14:37:34 IST" duration-ms="4542" status="PASS">
          <reporter-output>
          </reporter-output>
        </test-method> <!-- new_call -->
        <test-method signature="call_answered()[pri:1, instance:call_service@64cd705f]" started-at="2022-05-18T14:37:34 IST" name="call_answered" finished-at="2022-05-18T14:37:34 IST" duration-ms="937" status="PASS">
          <reporter-output>
          </reporter-output>
        </test-method> <!-- call_answered -->
        <test-method signature="call_completed()[pri:2, instance:call_service@64cd705f]" started-at="2022-05-18T14:37:34 IST" name="call_completed" finished-at="2022-05-18T14:37:35 IST" duration-ms="905" status="PASS">
          <reporter-output>
          </reporter-output>
        </test-method> <!-- call_completed -->
        <test-method signature="taycan_connect()[pri:3, instance:call_service@64cd705f]" started-at="2022-05-18T14:37:35 IST" name="taycan_connect" finished-at="2022-05-18T14:38:06 IST" duration-ms="30399" status="PASS">
          <reporter-output>
          </reporter-output>
        </test-method> <!-- taycan_connect -->
      </class> <!-- call_service -->
    </test> <!-- Default test -->
  </suite> <!-- Default suite -->
</testng-results>
